c:\users\diogo\desktop\lapr5\grafo\debug\vc140.pdb
c:\users\diogo\desktop\lapr5\grafo\debug\vc140.idb
c:\users\diogo\desktop\lapr5\grafo\debug\gltexture.obj
c:\users\diogo\desktop\lapr5\grafo\debug\grafos.obj
c:\users\diogo\desktop\lapr5\grafo\debug\httpclient.obj
c:\users\diogo\desktop\lapr5\grafo\debug\httprequest.obj
c:\users\diogo\desktop\lapr5\grafo\debug\lapr5.obj
c:\users\diogo\desktop\lapr5\grafo\debug\math.obj
c:\users\diogo\desktop\lapr5\grafo\debug\mdlviewer.obj
c:\users\diogo\desktop\lapr5\grafo\debug\model_3ds.obj
c:\users\diogo\desktop\lapr5\grafo\debug\studio_render.obj
c:\users\diogo\desktop\lapr5\grafo\debug\studio_utils.obj
c:\users\diogo\desktop\lapr5\grafo\debug\readjpeg.obj
c:\users\diogo\desktop\lapr5\grafo\debug\lapr5.ilk
c:\users\diogo\desktop\lapr5\grafo\debug\lapr5.exe
c:\users\diogo\desktop\lapr5\grafo\debug\lapr5.pdb
c:\users\diogo\desktop\lapr5\grafo\debug\lapr5.tlog\cl.command.1.tlog
c:\users\diogo\desktop\lapr5\grafo\debug\lapr5.tlog\cl.read.1.tlog
c:\users\diogo\desktop\lapr5\grafo\debug\lapr5.tlog\cl.write.1.tlog
c:\users\diogo\desktop\lapr5\grafo\debug\lapr5.tlog\link.command.1.tlog
c:\users\diogo\desktop\lapr5\grafo\debug\lapr5.tlog\link.read.1.tlog
c:\users\diogo\desktop\lapr5\grafo\debug\lapr5.tlog\link.write.1.tlog
